Using pre-set license
Built from '2020.2/release' branch; Version is '2020.2.2f1 (068178b99f32) revision 426360'; Using compiler version '192528614'; Build Type 'Release'
OS: 'Windows 10 Pro; OS build 19042.746; Version 2009; 64bit' Language: 'en' Physical Memory: 24502 MB
BatchMode: 1, IsHumanControllingUs: 0, StartBugReporterOnCrash: 0, Is64bit: 1, IsPro: 0

 COMMAND LINE ARGUMENTS:
E:\Unity Hub\Unity\Editor\2020.2.2f1\Editor\Unity.exe
-adb2
-batchMode
-noUpm
-name
AssetImportWorker0
-projectPath
E:/School Projects/CST326/CST326-PongProject/PongProject1A
-logFile
Logs/AssetImportWorker0.log
-srvPort
53349
Successfully changed project path to: E:/School Projects/CST326/CST326-PongProject/PongProject1A
E:/School Projects/CST326/CST326-PongProject/PongProject1A
Using Asset Import Pipeline V2.
Refreshing native plugins compatible for Editor in 24.55 ms, found 0 plugins.
Preloading 0 native plugins for Editor in 0.00 ms.
Initialize engine version: 2020.2.2f1 (068178b99f32)
[Subsystems] Discovering subsystems at path E:/Unity Hub/Unity/Editor/2020.2.2f1/Editor/Data/Resources/UnitySubsystems
[Subsystems] Discovering subsystems at path E:/School Projects/CST326/CST326-PongProject/PongProject1A/Assets
GfxDevice: creating device client; threaded=0
Direct3D:
    Version:  Direct3D 11.0 [level 11.1]
    Renderer: NVIDIA GeForce GTX 1660 Ti (ID=0x2182)
    Vendor:   
    VRAM:     5991 MB
    Driver:   27.21.14.6140
Initialize mono
Mono path[0] = 'E:/Unity Hub/Unity/Editor/2020.2.2f1/Editor/Data/Managed'
Mono path[1] = 'E:/Unity Hub/Unity/Editor/2020.2.2f1/Editor/Data/MonoBleedingEdge/lib/mono/unityjit'
Mono config path = 'E:/Unity Hub/Unity/Editor/2020.2.2f1/Editor/Data/MonoBleedingEdge/etc'
Using monoOptions --debugger-agent=transport=dt_socket,embedding=1,server=y,suspend=n,address=127.0.0.1:56096
Begin MonoManager ReloadAssembly
Registering precompiled unity dll's ...
Register platform support module: E:/Unity Hub/Unity/Editor/2020.2.2f1/Editor/Data/PlaybackEngines/WindowsStandaloneSupport/UnityEditor.WindowsStandalone.Extensions.dll
Registered in 0.001306 seconds.
Native extension for WindowsStandalone target not found
Refreshing native plugins compatible for Editor in 28.80 ms, found 0 plugins.
Preloading 0 native plugins for Editor in 0.00 ms.
Invoked RoslynAnalysisRunner static constructor.
RoslynAnalysisRunner will not be running.
RoslynAnalysisRunner has terminated.
Mono: successfully reloaded assembly
- Completed reload, in  1.265 seconds
Platform modules already initialized, skipping
Registering precompiled user dll's ...
Registered in 0.000773 seconds.
Begin MonoManager ReloadAssembly
Native extension for WindowsStandalone target not found
Refreshing native plugins compatible for Editor in 0.20 ms, found 0 plugins.
Preloading 0 native plugins for Editor in 0.00 ms.
Invoked RoslynAnalysisRunner static constructor.
RoslynAnalysisRunner will not be running.
RoslynAnalysisRunner has terminated.
Mono: successfully reloaded assembly
- Completed reload, in  0.938 seconds
Platform modules already initialized, skipping
========================================================================
Worker process is ready to serve import requests
Launched and connected shader compiler UnityShaderCompiler.exe after 0.07 seconds
Refreshing native plugins compatible for Editor in 0.19 ms, found 0 plugins.
Preloading 0 native plugins for Editor in 0.00 ms.
Unloading 1100 Unused Serialized files (Serialized files now loaded: 0)
System memory in use before: 56.6 MB.
System memory in use after: 56.7 MB.

Unloading 10 unused Assets to reduce memory usage. Loaded Objects now: 1541.
Total: 1.640000 ms (FindLiveObjects: 0.168300 ms CreateObjectMapping: 0.040400 ms MarkObjects: 1.351800 ms  DeleteObjects: 0.078000 ms)

========================================================================
Received Import Request.
  path: Assets
  artifactKey: Guid(00000000000000001000000000000000) Importer(815301076,1909f56bfc062723c751e8b465ee728b)
Start importing Assets using Guid(00000000000000001000000000000000) Importer(815301076,1909f56bfc062723c751e8b465ee728b)  -> (artifact id: '4a6e520b92ccfc61bcfa21a7bcab8468') in 0.004237 seconds
  Import took 0.006067 seconds .

========================================================================
Received Import Request.
  Time since last request: 4.048914 seconds.
  path: Assets/New Physic Material.physicMaterial
  artifactKey: Guid(edfd11f58546bb6478a472d6b25a66b2) Importer(815301076,1909f56bfc062723c751e8b465ee728b)
Start importing Assets/New Physic Material.physicMaterial using Guid(edfd11f58546bb6478a472d6b25a66b2) Importer(815301076,1909f56bfc062723c751e8b465ee728b)  -> (artifact id: 'd16da49b710b01066d7880edca051e04') in 0.044896 seconds
  Import took 0.047019 seconds .

========================================================================
Received Import Request.
  Time since last request: 12.809825 seconds.
  path: Assets/Bounce.physicMaterial
  artifactKey: Guid(edfd11f58546bb6478a472d6b25a66b2) Importer(815301076,1909f56bfc062723c751e8b465ee728b)
Start importing Assets/Bounce.physicMaterial using Guid(edfd11f58546bb6478a472d6b25a66b2) Importer(815301076,1909f56bfc062723c751e8b465ee728b)  -> (artifact id: '5e8ce76a274c2b09432f86f8fd6a1cf5') in 0.002642 seconds
  Import took 0.004494 seconds .

========================================================================
Received Import Request.
  Time since last request: 0.020486 seconds.
  path: Assets/Bounce.physicMaterial
  artifactKey: Guid(edfd11f58546bb6478a472d6b25a66b2) Importer(815301076,1909f56bfc062723c751e8b465ee728b)
Start importing Assets/Bounce.physicMaterial using Guid(edfd11f58546bb6478a472d6b25a66b2) Importer(815301076,1909f56bfc062723c751e8b465ee728b)  -> (artifact id: '5e8ce76a274c2b09432f86f8fd6a1cf5') in 0.002907 seconds
  Import took 0.005519 seconds .

========================================================================
Received Prepare
Registering precompiled user dll's ...
Registered in 0.000885 seconds.
Begin MonoManager ReloadAssembly
Native extension for WindowsStandalone target not found
Refreshing native plugins compatible for Editor in 0.26 ms, found 0 plugins.
Preloading 0 native plugins for Editor in 0.00 ms.
Invoked RoslynAnalysisRunner static constructor.
RoslynAnalysisRunner will not be running.
RoslynAnalysisRunner has terminated.
Mono: successfully reloaded assembly
- Completed reload, in  0.853 seconds
Platform modules already initialized, skipping
Refreshing native plugins compatible for Editor in 0.18 ms, found 0 plugins.
Preloading 0 native plugins for Editor in 0.00 ms.
Unloading 1095 Unused Serialized files (Serialized files now loaded: 0)
System memory in use before: 56.7 MB.
System memory in use after: 56.8 MB.

Unloading 5 unused Assets to reduce memory usage. Loaded Objects now: 1543.
Total: 1.874300 ms (FindLiveObjects: 0.193500 ms CreateObjectMapping: 0.030800 ms MarkObjects: 1.591500 ms  DeleteObjects: 0.056600 ms)

========================================================================
Received Import Request.
  Time since last request: 308.291112 seconds.
  path: Assets/Padel.cs
  artifactKey: Guid(b601292d032b4a24491eede7072ac527) Importer(815301076,1909f56bfc062723c751e8b465ee728b)
Start importing Assets/Padel.cs using Guid(b601292d032b4a24491eede7072ac527) Importer(815301076,1909f56bfc062723c751e8b465ee728b)  -> (artifact id: 'ebba47604465609a58ab96e8dfb1b806') in 0.012350 seconds
  Import took 0.014552 seconds .

========================================================================
Received Import Request.
  Time since last request: 0.239065 seconds.
  path: Assets/Padel.cs
  artifactKey: Guid(b601292d032b4a24491eede7072ac527) Importer(815301076,1909f56bfc062723c751e8b465ee728b)
Start importing Assets/Padel.cs using Guid(b601292d032b4a24491eede7072ac527) Importer(815301076,1909f56bfc062723c751e8b465ee728b)  -> (artifact id: 'ebba47604465609a58ab96e8dfb1b806') in 0.002077 seconds
  Import took 0.003977 seconds .

========================================================================
Received Prepare
Registering precompiled user dll's ...
Registered in 0.000737 seconds.
Begin MonoManager ReloadAssembly
Native extension for WindowsStandalone target not found
Refreshing native plugins compatible for Editor in 0.27 ms, found 0 plugins.
Preloading 0 native plugins for Editor in 0.00 ms.
Invoked RoslynAnalysisRunner static constructor.
RoslynAnalysisRunner will not be running.
RoslynAnalysisRunner has terminated.
Mono: successfully reloaded assembly
- Completed reload, in  0.913 seconds
Platform modules already initialized, skipping
Refreshing native plugins compatible for Editor in 0.40 ms, found 0 plugins.
Preloading 0 native plugins for Editor in 0.00 ms.
Unloading 1096 Unused Serialized files (Serialized files now loaded: 0)
System memory in use before: 56.9 MB.
System memory in use after: 56.9 MB.

Unloading 5 unused Assets to reduce memory usage. Loaded Objects now: 1546.
Total: 2.205800 ms (FindLiveObjects: 0.216400 ms CreateObjectMapping: 0.039600 ms MarkObjects: 1.868800 ms  DeleteObjects: 0.078900 ms)

========================================================================
Received Import Request.
  Time since last request: 16.271892 seconds.
  path: Assets/Paddle.cs
  artifactKey: Guid(b601292d032b4a24491eede7072ac527) Importer(815301076,1909f56bfc062723c751e8b465ee728b)
Start importing Assets/Paddle.cs using Guid(b601292d032b4a24491eede7072ac527) Importer(815301076,1909f56bfc062723c751e8b465ee728b)  -> (artifact id: '2adcb9d699105d9f963d8e90385377c6') in 0.004077 seconds
  Import took 0.006193 seconds .

========================================================================
Received Import Request.
  Time since last request: 0.078477 seconds.
  path: Assets/Paddle.cs
  artifactKey: Guid(b601292d032b4a24491eede7072ac527) Importer(815301076,1909f56bfc062723c751e8b465ee728b)
Start importing Assets/Paddle.cs using Guid(b601292d032b4a24491eede7072ac527) Importer(815301076,1909f56bfc062723c751e8b465ee728b)  -> (artifact id: '2adcb9d699105d9f963d8e90385377c6') in 0.001896 seconds
  Import took 0.004008 seconds .

========================================================================
Received Prepare
Registering precompiled user dll's ...
Registered in 0.000629 seconds.
Begin MonoManager ReloadAssembly
Native extension for WindowsStandalone target not found
Refreshing native plugins compatible for Editor in 0.35 ms, found 0 plugins.
Preloading 0 native plugins for Editor in 0.00 ms.
Invoked RoslynAnalysisRunner static constructor.
RoslynAnalysisRunner will not be running.
RoslynAnalysisRunner has terminated.
Mono: successfully reloaded assembly
- Completed reload, in  0.848 seconds
Platform modules already initialized, skipping
Refreshing native plugins compatible for Editor in 0.19 ms, found 0 plugins.
Preloading 0 native plugins for Editor in 0.00 ms.
Unloading 1096 Unused Serialized files (Serialized files now loaded: 0)
System memory in use before: 57.0 MB.
System memory in use after: 57.1 MB.

Unloading 5 unused Assets to reduce memory usage. Loaded Objects now: 1548.
Total: 2.751700 ms (FindLiveObjects: 0.214500 ms CreateObjectMapping: 0.036700 ms MarkObjects: 2.436800 ms  DeleteObjects: 0.062200 ms)

========================================================================
Received Import Request.
  Time since last request: 233.775553 seconds.
  path: Assets/Paddle.cs
  artifactKey: Guid(b601292d032b4a24491eede7072ac527) Importer(815301076,1909f56bfc062723c751e8b465ee728b)
Start importing Assets/Paddle.cs using Guid(b601292d032b4a24491eede7072ac527) Importer(815301076,1909f56bfc062723c751e8b465ee728b)  -> (artifact id: 'dddc575465e7899fcd818748a51e5e88') in 0.004820 seconds
  Import took 0.007286 seconds .

========================================================================
Received Prepare
Registering precompiled user dll's ...
Registered in 0.000866 seconds.
Begin MonoManager ReloadAssembly
Native extension for WindowsStandalone target not found
Refreshing native plugins compatible for Editor in 0.19 ms, found 0 plugins.
Preloading 0 native plugins for Editor in 0.00 ms.
Invoked RoslynAnalysisRunner static constructor.
RoslynAnalysisRunner will not be running.
RoslynAnalysisRunner has terminated.
Mono: successfully reloaded assembly
- Completed reload, in  0.848 seconds
Platform modules already initialized, skipping
Refreshing native plugins compatible for Editor in 0.19 ms, found 0 plugins.
Preloading 0 native plugins for Editor in 0.00 ms.
Unloading 1096 Unused Serialized files (Serialized files now loaded: 0)
System memory in use before: 57.1 MB.
System memory in use after: 57.2 MB.

Unloading 5 unused Assets to reduce memory usage. Loaded Objects now: 1550.
Total: 1.665700 ms (FindLiveObjects: 0.170500 ms CreateObjectMapping: 0.028400 ms MarkObjects: 1.410000 ms  DeleteObjects: 0.055900 ms)

========================================================================
Received Import Request.
  Time since last request: 144.754223 seconds.
  path: Assets/Bounce.physicMaterial
  artifactKey: Guid(edfd11f58546bb6478a472d6b25a66b2) Importer(815301076,1909f56bfc062723c751e8b465ee728b)
Start importing Assets/Bounce.physicMaterial using Guid(edfd11f58546bb6478a472d6b25a66b2) Importer(815301076,1909f56bfc062723c751e8b465ee728b)  -> (artifact id: 'ebc4ccfdfe63e1f3576a7ac39dcdb971') in 0.010885 seconds
  Import took 0.012747 seconds .

========================================================================
Received Prepare
Registering precompiled user dll's ...
Registered in 0.000714 seconds.
Begin MonoManager ReloadAssembly
Native extension for WindowsStandalone target not found
Refreshing native plugins compatible for Editor in 0.20 ms, found 0 plugins.
Preloading 0 native plugins for Editor in 0.00 ms.
Invoked RoslynAnalysisRunner static constructor.
RoslynAnalysisRunner will not be running.
RoslynAnalysisRunner has terminated.
Mono: successfully reloaded assembly
- Completed reload, in  0.838 seconds
Platform modules already initialized, skipping
Refreshing native plugins compatible for Editor in 0.21 ms, found 0 plugins.
Preloading 0 native plugins for Editor in 0.00 ms.
Unloading 1097 Unused Serialized files (Serialized files now loaded: 0)
System memory in use before: 57.2 MB.
System memory in use after: 57.3 MB.

Unloading 5 unused Assets to reduce memory usage. Loaded Objects now: 1553.
Total: 1.511900 ms (FindLiveObjects: 0.130800 ms CreateObjectMapping: 0.025200 ms MarkObjects: 1.300600 ms  DeleteObjects: 0.053800 ms)

========================================================================
Received Prepare
Registering precompiled user dll's ...
Registered in 0.001067 seconds.
Begin MonoManager ReloadAssembly
Native extension for WindowsStandalone target not found
Refreshing native plugins compatible for Editor in 0.20 ms, found 0 plugins.
Preloading 0 native plugins for Editor in 0.00 ms.
Invoked RoslynAnalysisRunner static constructor.
RoslynAnalysisRunner will not be running.
RoslynAnalysisRunner has terminated.
Mono: successfully reloaded assembly
- Completed reload, in  0.822 seconds
Platform modules already initialized, skipping
Refreshing native plugins compatible for Editor in 0.20 ms, found 0 plugins.
Preloading 0 native plugins for Editor in 0.00 ms.
Unloading 1096 Unused Serialized files (Serialized files now loaded: 0)
System memory in use before: 57.3 MB.
System memory in use after: 57.4 MB.

Unloading 5 unused Assets to reduce memory usage. Loaded Objects now: 1555.
Total: 1.515000 ms (FindLiveObjects: 0.142300 ms CreateObjectMapping: 0.026900 ms MarkObjects: 1.292900 ms  DeleteObjects: 0.051700 ms)

========================================================================
Received Prepare
Registering precompiled user dll's ...
Registered in 0.000983 seconds.
Begin MonoManager ReloadAssembly
Native extension for WindowsStandalone target not found
Refreshing native plugins compatible for Editor in 0.22 ms, found 0 plugins.
Preloading 0 native plugins for Editor in 0.00 ms.
Invoked RoslynAnalysisRunner static constructor.
RoslynAnalysisRunner will not be running.
RoslynAnalysisRunner has terminated.
Mono: successfully reloaded assembly
- Completed reload, in  0.819 seconds
Platform modules already initialized, skipping
Refreshing native plugins compatible for Editor in 0.19 ms, found 0 plugins.
Preloading 0 native plugins for Editor in 0.00 ms.
Unloading 1096 Unused Serialized files (Serialized files now loaded: 0)
System memory in use before: 57.5 MB.
System memory in use after: 57.5 MB.

Unloading 5 unused Assets to reduce memory usage. Loaded Objects now: 1557.
Total: 2.303600 ms (FindLiveObjects: 0.138000 ms CreateObjectMapping: 0.025300 ms MarkObjects: 2.071000 ms  DeleteObjects: 0.067800 ms)

========================================================================
Received Prepare
Registering precompiled user dll's ...
Registered in 0.000767 seconds.
Begin MonoManager ReloadAssembly
Native extension for WindowsStandalone target not found
Refreshing native plugins compatible for Editor in 0.22 ms, found 0 plugins.
Preloading 0 native plugins for Editor in 0.00 ms.
Invoked RoslynAnalysisRunner static constructor.
RoslynAnalysisRunner will not be running.
RoslynAnalysisRunner has terminated.
Mono: successfully reloaded assembly
- Completed reload, in  0.820 seconds
Platform modules already initialized, skipping
Refreshing native plugins compatible for Editor in 0.22 ms, found 0 plugins.
Preloading 0 native plugins for Editor in 0.00 ms.
Unloading 1096 Unused Serialized files (Serialized files now loaded: 0)
System memory in use before: 57.5 MB.
System memory in use after: 57.6 MB.

Unloading 5 unused Assets to reduce memory usage. Loaded Objects now: 1559.
Total: 1.486900 ms (FindLiveObjects: 0.135500 ms CreateObjectMapping: 0.026100 ms MarkObjects: 1.276000 ms  DeleteObjects: 0.048000 ms)

========================================================================
Received Prepare
Registering precompiled user dll's ...
Registered in 0.000680 seconds.
Begin MonoManager ReloadAssembly
Native extension for WindowsStandalone target not found
Refreshing native plugins compatible for Editor in 0.40 ms, found 0 plugins.
Preloading 0 native plugins for Editor in 0.00 ms.
Invoked RoslynAnalysisRunner static constructor.
RoslynAnalysisRunner will not be running.
RoslynAnalysisRunner has terminated.
Mono: successfully reloaded assembly
- Completed reload, in  0.824 seconds
Platform modules already initialized, skipping
Refreshing native plugins compatible for Editor in 0.21 ms, found 0 plugins.
Preloading 0 native plugins for Editor in 0.00 ms.
Unloading 1096 Unused Serialized files (Serialized files now loaded: 0)
System memory in use before: 57.7 MB.
System memory in use after: 57.8 MB.

Unloading 5 unused Assets to reduce memory usage. Loaded Objects now: 1561.
Total: 1.544400 ms (FindLiveObjects: 0.135300 ms CreateObjectMapping: 0.025600 ms MarkObjects: 1.330700 ms  DeleteObjects: 0.051400 ms)

AssetImportWorkerClient::OnTransportError - code=2 error=End of file
